<?xml version="1.0" encoding="UTF-8"?>
<!-- Generated by org.testng.reporters.JUnitXMLReporter -->
<testsuite hostname="DESKTOP-541KTCM" ignored="0" name="hubspot test regression test suite " tests="9" failures="1" timestamp="26 Sep 2020 05:57:40 GMT" time="126.072" errors="0">
  <testcase name="getFilling" time="0.0" classname="com.hubspot.test.ContactsPageTest">
    <failure type="org.testng.TestNGException" message="
Data Provider public java.lang.Object[][] com.hubspot.test.ContactsPageTest.getContactData() returned a null value">
      <![CDATA[org.testng.TestNGException: 
Data Provider public java.lang.Object[][] com.hubspot.test.ContactsPageTest.getContactData() returned a null value
at java.util.concurrent.FutureTask.run(FutureTask.java:266)
at java.util.concurrent.ThreadPoolExecutor.runWorker(ThreadPoolExecutor.java:1149)
at java.util.concurrent.ThreadPoolExecutor$Worker.run(ThreadPoolExecutor.java:624)
at java.lang.Thread.run(Thread.java:748)
... Removed 13 stack frames]]>
    </failure>
  </testcase> <!-- getFilling -->
  <testcase name="verifyTitleTest" time="0.107" classname="com.hubspot.test.LogInPageTest"/>
  <testcase name="checkingAdmin" time="2.294" classname="com.hubspot.test.HomePageTest"/>
  <testcase name="verifyLogInPageTest" time="4.89" classname="com.hubspot.test.LogInPageTest"/>
  <testcase name="checkingWelcome" time="3.163" classname="com.hubspot.test.HomePageTest"/>
  <testcase name="badLogin" time="1.657" classname="com.hubspot.test.LogInPageTest"/>
  <testcase name="badLogin" time="1.696" classname="com.hubspot.test.LogInPageTest"/>
  <testcase name="checkingInfo" time="4.995" classname="com.hubspot.test.HomePageTest"/>
  <testcase name="verifyForgetPwd" time="0.085" classname="com.hubspot.test.LogInPageTest"/>
</testsuite> <!-- hubspot test regression test suite  -->
