<?xml version="1.0" encoding="UTF-8"?>
<!-- Generated by org.testng.reporters.JUnitXMLReporter -->
<testsuite hostname="DESKTOP-541KTCM" ignored="0" name="hubspot test regression test suite " tests="9" failures="1" timestamp="29 Sep 2020 10:35:15 GMT" time="140.966" errors="0">
  <testcase name="getFilling" time="0.0" classname="com.hubspot.test.ContactsPageTest">
    <failure type="org.testng.TestNGException" message="
Data Provider public java.lang.Object[][] com.hubspot.test.ContactsPageTest.getContactData() returned a null value">
      <![CDATA[org.testng.TestNGException: 
Data Provider public java.lang.Object[][] com.hubspot.test.ContactsPageTest.getContactData() returned a null value
at java.util.concurrent.FutureTask.run(Unknown Source)
at java.util.concurrent.ThreadPoolExecutor.runWorker(Unknown Source)
at java.util.concurrent.ThreadPoolExecutor$Worker.run(Unknown Source)
at java.lang.Thread.run(Unknown Source)
... Removed 13 stack frames]]>
    </failure>
  </testcase> <!-- getFilling -->
  <testcase name="verifyTitleTest" time="0.068" classname="com.hubspot.test.LogInPageTest"/>
  <testcase name="checkingAdmin" time="3.644" classname="com.hubspot.test.HomePageTest"/>
  <testcase name="verifyLogInPageTest" time="7.794" classname="com.hubspot.test.LogInPageTest"/>
  <testcase name="checkingWelcome" time="3.673" classname="com.hubspot.test.HomePageTest"/>
  <testcase name="badLogin" time="3.936" classname="com.hubspot.test.LogInPageTest"/>
  <testcase name="badLogin" time="4.402" classname="com.hubspot.test.LogInPageTest"/>
  <testcase name="checkingInfo" time="5.753" classname="com.hubspot.test.HomePageTest"/>
  <testcase name="verifyForgetPwd" time="0.616" classname="com.hubspot.test.LogInPageTest"/>
</testsuite> <!-- hubspot test regression test suite  -->
