<?xml version="1.0" encoding="UTF-8"?>
<!-- Generated by org.testng.reporters.JUnitXMLReporter -->
<testsuite hostname="DESKTOP-541KTCM" ignored="0" name="Default test" tests="5" failures="0" timestamp="2020-09-25T14:42:15 IST" time="167.612" errors="0">
  <testcase name="verifyTitleTest" time="0.179" classname="com.hubspot.test.LogInPageTest"/>
  <testcase name="verifyLogInPageTest" time="14.676" classname="com.hubspot.test.LogInPageTest"/>
  <testcase name="badLogin" time="7.52" classname="com.hubspot.test.LogInPageTest"/>
  <testcase name="badLogin" time="2.366" classname="com.hubspot.test.LogInPageTest"/>
  <testcase name="verifyForgetPwd" time="0.089" classname="com.hubspot.test.LogInPageTest"/>
</testsuite> <!-- Default test -->
