<?xml version="1.0" encoding="UTF-8"?>
<!-- Generated by org.testng.reporters.JUnitXMLReporter -->
<testsuite hostname="DESKTOP-541KTCM" ignored="0" name="Default test" tests="4" failures="0" timestamp="2020-09-20T13:30:54 IST" time="84.102" errors="0">
  <testcase name="checkingAdmin" time="0.071" classname="com.hubspot.test.HomePageTest"/>
  <testcase name="checkingWelcome" time="30.082" classname="com.hubspot.test.HomePageTest"/>
  <testcase name="checkingInfo" time="0.048" classname="com.hubspot.test.HomePageTest"/>
  <testcase name="pagenavigation" time="6.721" classname="com.hubspot.test.HomePageTest"/>
</testsuite> <!-- Default test -->
