<?xml version="1.0" encoding="UTF-8"?>
<!-- Generated by org.testng.reporters.JUnitXMLReporter -->
<testsuite hostname="DESKTOP-541KTCM" ignored="0" name="hubspot test regression test suite " tests="9" failures="0" timestamp="2020-09-17T17:29:49 IST" time="238.948" errors="0">
  <testcase name="verifyTitleTest" time="5.041" classname="com.hubspot.test.LogInPageTest"/>
  <testcase name="verifyLogInPageTest" time="9.782" classname="com.hubspot.test.LogInPageTest"/>
  <testcase name="badLogin" time="2.778" classname="com.hubspot.test.LogInPageTest"/>
  <testcase name="badLogin" time="2.715" classname="com.hubspot.test.LogInPageTest"/>
  <testcase name="verifyForgetPwd" time="0.054" classname="com.hubspot.test.LogInPageTest"/>
  <testcase name="checkingAdmin" time="0.141" classname="com.hubspot.test.HomePageTest"/>
  <testcase name="checkingWelcome" time="0.133" classname="com.hubspot.test.HomePageTest"/>
  <testcase name="checkingInfo" time="0.126" classname="com.hubspot.test.HomePageTest"/>
  <testcase name="getFilling" time="1.039" classname="com.hubspot.test.ContactsPageTest"/>
</testsuite> <!-- hubspot test regression test suite  -->
