<?xml version="1.0" encoding="UTF-8"?>
<testsuite xmlns:xsi="http://www.w3.org/2001/XMLSchema-instance" xsi:noNamespaceSchemaLocation="https://maven.apache.org/surefire/maven-surefire-plugin/xsd/surefire-test-report.xsd" name="TestSuite" time="130.885" tests="9" errors="0" skipped="0" failures="1">
  <properties>
[...]
</properties>
  <testcase name="getFilling" classname="com.hubspot.test.ContactsPageTest" time="5.559">
    <failure message="&#10;Data Provider public java.lang.Object[][] com.hubspot.test.ContactsPageTest.getContactData() returned a null value" type="org.testng.TestNGException">org.testng.TestNGException: 

Data Provider public java.lang.Object[][] com.hubspot.test.ContactsPageTest.getContactData() returned a null value
</failure>
    <system-out><![CDATA[[TestNGContentHandler] [WARN] It is strongly recommended to add "<!DOCTYPE suite SYSTEM "http://testng.org/testng-1.0.dtd" >" at the top of your file, otherwise TestNG may fail or not work as expected.
I am in onStart method hubspot test regression test suite 
]]></system-out>
    <system-err><![CDATA[SLF4J: Failed to load class "org.slf4j.impl.StaticLoggerBinder".
SLF4J: Defaulting to no-operation (NOP) logger implementation
SLF4J: See http://www.slf4j.org/codes.html#StaticLoggerBinder for further details.
java.io.IOException: org.apache.poi.xssf.usermodel.XSSFWorkbookFactory not found - check if poi-ooxml-*.jar is on the classpath.
	at org.apache.poi.ss.usermodel.WorkbookFactory.initFactory(WorkbookFactory.java:351)
	at org.apache.poi.ss.usermodel.WorkbookFactory.initXssf(WorkbookFactory.java:336)
	at org.apache.poi.ss.usermodel.WorkbookFactory.create(WorkbookFactory.java:255)
	at org.apache.poi.ss.usermodel.WorkbookFactory.create(WorkbookFactory.java:221)
	at com.hubspot.util.ExcelUtil.getTestData(ExcelUtil.java:24)
	at com.hubspot.test.ContactsPageTest.getContactData(ContactsPageTest.java:59)
	at sun.reflect.NativeMethodAccessorImpl.invoke0(Native Method)
	at sun.reflect.NativeMethodAccessorImpl.invoke(NativeMethodAccessorImpl.java:62)
	at sun.reflect.DelegatingMethodAccessorImpl.invoke(DelegatingMethodAccessorImpl.java:43)
	at java.lang.reflect.Method.invoke(Method.java:498)
	at org.testng.internal.MethodInvocationHelper.invokeMethod(MethodInvocationHelper.java:124)
	at org.testng.internal.MethodInvocationHelper.invokeMethod(MethodInvocationHelper.java:74)
	at org.testng.internal.MethodInvocationHelper.invokeMethodNoCheckedException(MethodInvocationHelper.java:45)
	at org.testng.internal.MethodInvocationHelper.invokeDataProvider(MethodInvocationHelper.java:131)
	at org.testng.internal.Parameters.handleParameters(Parameters.java:706)
	at org.testng.internal.ParameterHandler.handleParameters(ParameterHandler.java:49)
	at org.testng.internal.ParameterHandler.createParameters(ParameterHandler.java:37)
	at org.testng.internal.Invoker.invokeTestMethods(Invoker.java:924)
	at org.testng.internal.TestMethodWorker.invokeTestMethods(TestMethodWorker.java:125)
	at org.testng.internal.TestMethodWorker.run(TestMethodWorker.java:109)
	at org.testng.TestRunner.privateRun(TestRunner.java:648)
	at org.testng.TestRunner.run(TestRunner.java:505)
	at org.testng.SuiteRunner.runTest(SuiteRunner.java:455)
	at org.testng.SuiteRunner.access$000(SuiteRunner.java:40)
	at org.testng.SuiteRunner$SuiteWorker.run(SuiteRunner.java:489)
	at org.testng.internal.thread.ThreadUtil$1.call(ThreadUtil.java:52)
	at java.util.concurrent.FutureTask.run(FutureTask.java:266)
	at java.util.concurrent.ThreadPoolExecutor.runWorker(ThreadPoolExecutor.java:1149)
	at java.util.concurrent.ThreadPoolExecutor$Worker.run(ThreadPoolExecutor.java:624)
	at java.lang.Thread.run(Thread.java:748)
[Utils] [ERROR] [Error] org.testng.TestNGException: 
Data Provider public java.lang.Object[][] com.hubspot.test.ContactsPageTest.getContactData() returned a null value
	at org.testng.internal.MethodInvocationHelper.invokeDataProvider(MethodInvocationHelper.java:133)
	at org.testng.internal.Parameters.handleParameters(Parameters.java:706)
	at org.testng.internal.ParameterHandler.handleParameters(ParameterHandler.java:49)
	at org.testng.internal.ParameterHandler.createParameters(ParameterHandler.java:37)
	at org.testng.internal.Invoker.invokeTestMethods(Invoker.java:924)
	at org.testng.internal.TestMethodWorker.invokeTestMethods(TestMethodWorker.java:125)
	at org.testng.internal.TestMethodWorker.run(TestMethodWorker.java:109)
	at org.testng.TestRunner.privateRun(TestRunner.java:648)
	at org.testng.TestRunner.run(TestRunner.java:505)
	at org.testng.SuiteRunner.runTest(SuiteRunner.java:455)
	at org.testng.SuiteRunner.access$000(SuiteRunner.java:40)
	at org.testng.SuiteRunner$SuiteWorker.run(SuiteRunner.java:489)
	at org.testng.internal.thread.ThreadUtil$1.call(ThreadUtil.java:52)
	at java.util.concurrent.FutureTask.run(FutureTask.java:266)
	at java.util.concurrent.ThreadPoolExecutor.runWorker(ThreadPoolExecutor.java:1149)
	at java.util.concurrent.ThreadPoolExecutor$Worker.run(ThreadPoolExecutor.java:624)
	at java.lang.Thread.run(Thread.java:748)

]]></system-err>
  </testcase>
  <testcase name="verifyTitleTest" classname="com.hubspot.test.LogInPageTest" time="0.088"/>
  <testcase name="checkingAdmin" classname="com.hubspot.test.HomePageTest" time="2.291"/>
  <testcase name="verifyLogInPageTest" classname="com.hubspot.test.LogInPageTest" time="4.892"/>
  <testcase name="checkingWelcome" classname="com.hubspot.test.HomePageTest" time="3.159"/>
  <testcase name="badLogin" classname="com.hubspot.test.LogInPageTest" time="1.656"/>
  <testcase name="badLogin" classname="com.hubspot.test.LogInPageTest" time="1.692"/>
  <testcase name="checkingInfo" classname="com.hubspot.test.HomePageTest" time="4.994"/>
  <testcase name="verifyForgetPwd" classname="com.hubspot.test.LogInPageTest" time="0.085"/>
</testsuite>