<?xml version="1.0" encoding="UTF-8"?>
<testng-results skipped="0" failed="1" ignored="0" total="9" passed="8">
  <reporter-output>
  </reporter-output>
  <suite name="hubspot regression all test suite" duration-ms="126072" started-at="2020-09-26T05:55:34Z" finished-at="2020-09-26T05:57:40Z">
    <groups>
      <group name="smoke">
        <method signature="HomePageTest.checkingAdmin()[pri:1, instance:com.hubspot.test.HomePageTest@8ab78bc]" name="checkingAdmin" class="com.hubspot.test.HomePageTest"/>
        <method signature="HomePageTest.checkingInfo()[pri:3, instance:com.hubspot.test.HomePageTest@8ab78bc]" name="checkingInfo" class="com.hubspot.test.HomePageTest"/>
        <method signature="HomePageTest.checkingWelcome()[pri:2, instance:com.hubspot.test.HomePageTest@8ab78bc]" name="checkingWelcome" class="com.hubspot.test.HomePageTest"/>
        <method signature="LogInPageTest.verifyForgetPwd()[pri:4, instance:com.hubspot.test.LogInPageTest@2d72f75e]" name="verifyForgetPwd" class="com.hubspot.test.LogInPageTest"/>
        <method signature="LogInPageTest.verifyTitleTest()[pri:1, instance:com.hubspot.test.LogInPageTest@2d72f75e]" name="verifyTitleTest" class="com.hubspot.test.LogInPageTest"/>
      </group> <!-- smoke -->
      <group name="sanity">
        <method signature="ContactsPageTest.getFilling(java.lang.String, java.lang.String, java.lang.String, java.lang.String)[pri:0, instance:com.hubspot.test.ContactsPageTest@5aa0dbf4]" name="getFilling" class="com.hubspot.test.ContactsPageTest"/>
        <method signature="LogInPageTest.badLogin(java.lang.String, java.lang.String)[pri:3, instance:com.hubspot.test.LogInPageTest@2d72f75e]" name="badLogin" class="com.hubspot.test.LogInPageTest"/>
        <method signature="LogInPageTest.verifyLogInPageTest()[pri:2, instance:com.hubspot.test.LogInPageTest@2d72f75e]" name="verifyLogInPageTest" class="com.hubspot.test.LogInPageTest"/>
      </group> <!-- sanity -->
    </groups>
    <test name="hubspot test regression test suite " duration-ms="126072" started-at="2020-09-26T05:55:34Z" finished-at="2020-09-26T05:57:40Z">
      <class name="com.hubspot.test.ContactsPageTest">
        <test-method status="FAIL" signature="getFilling(java.lang.String, java.lang.String, java.lang.String, java.lang.String)[pri:0, instance:com.hubspot.test.ContactsPageTest@5aa0dbf4]" name="getFilling" duration-ms="0" started-at="2020-09-26T05:55:34Z" data-provider="getContactData" finished-at="2020-09-26T05:55:34Z">
          <exception class="org.testng.TestNGException">
            <message>
              <![CDATA[
Data Provider public java.lang.Object[][] com.hubspot.test.ContactsPageTest.getContactData() returned a null value]]>
            </message>
            <full-stacktrace>
              <![CDATA[org.testng.TestNGException: 
Data Provider public java.lang.Object[][] com.hubspot.test.ContactsPageTest.getContactData() returned a null value
at org.testng.internal.MethodInvocationHelper.invokeDataProvider(MethodInvocationHelper.java:133)
at org.testng.internal.Parameters.handleParameters(Parameters.java:706)
at org.testng.internal.ParameterHandler.handleParameters(ParameterHandler.java:49)
at org.testng.internal.ParameterHandler.createParameters(ParameterHandler.java:37)
at org.testng.internal.Invoker.invokeTestMethods(Invoker.java:924)
at org.testng.internal.TestMethodWorker.invokeTestMethods(TestMethodWorker.java:125)
at org.testng.internal.TestMethodWorker.run(TestMethodWorker.java:109)
at org.testng.TestRunner.privateRun(TestRunner.java:648)
at org.testng.TestRunner.run(TestRunner.java:505)
at org.testng.SuiteRunner.runTest(SuiteRunner.java:455)
at org.testng.SuiteRunner.access$000(SuiteRunner.java:40)
at org.testng.SuiteRunner$SuiteWorker.run(SuiteRunner.java:489)
at org.testng.internal.thread.ThreadUtil$1.call(ThreadUtil.java:52)
at java.util.concurrent.FutureTask.run(FutureTask.java:266)
at java.util.concurrent.ThreadPoolExecutor.runWorker(ThreadPoolExecutor.java:1149)
at java.util.concurrent.ThreadPoolExecutor$Worker.run(ThreadPoolExecutor.java:624)
at java.lang.Thread.run(Thread.java:748)
]]>
            </full-stacktrace>
          </exception> <!-- org.testng.TestNGException -->
          <reporter-output>
          </reporter-output>
        </test-method> <!-- getFilling -->
      </class> <!-- com.hubspot.test.ContactsPageTest -->
      <class name="com.hubspot.test.HomePageTest">
        <test-method status="PASS" signature="setup()[pri:0, instance:com.hubspot.test.HomePageTest@8ab78bc]" name="setup" is-config="true" duration-ms="15652" started-at="2020-09-26T05:55:50Z" finished-at="2020-09-26T05:56:05Z">
          <reporter-output>
          </reporter-output>
        </test-method> <!-- setup -->
        <test-method status="PASS" signature="checkingAdmin()[pri:1, instance:com.hubspot.test.HomePageTest@8ab78bc]" name="checkingAdmin" duration-ms="2294" started-at="2020-09-26T05:56:05Z" finished-at="2020-09-26T05:56:08Z">
          <reporter-output>
          </reporter-output>
        </test-method> <!-- checkingAdmin -->
        <test-method status="PASS" signature="tearDown()[pri:0, instance:com.hubspot.test.HomePageTest@8ab78bc]" name="tearDown" is-config="true" duration-ms="864" started-at="2020-09-26T05:56:08Z" finished-at="2020-09-26T05:56:08Z">
          <reporter-output>
          </reporter-output>
        </test-method> <!-- tearDown -->
        <test-method status="PASS" signature="setup()[pri:0, instance:com.hubspot.test.HomePageTest@8ab78bc]" name="setup" is-config="true" duration-ms="15355" started-at="2020-09-26T05:56:24Z" finished-at="2020-09-26T05:56:39Z">
          <reporter-output>
          </reporter-output>
        </test-method> <!-- setup -->
        <test-method status="PASS" signature="checkingWelcome()[pri:2, instance:com.hubspot.test.HomePageTest@8ab78bc]" name="checkingWelcome" duration-ms="3163" started-at="2020-09-26T05:56:39Z" finished-at="2020-09-26T05:56:43Z">
          <reporter-output>
          </reporter-output>
        </test-method> <!-- checkingWelcome -->
        <test-method status="PASS" signature="tearDown()[pri:0, instance:com.hubspot.test.HomePageTest@8ab78bc]" name="tearDown" is-config="true" duration-ms="798" started-at="2020-09-26T05:56:43Z" finished-at="2020-09-26T05:56:43Z">
          <reporter-output>
          </reporter-output>
        </test-method> <!-- tearDown -->
        <test-method status="PASS" signature="setup()[pri:0, instance:com.hubspot.test.HomePageTest@8ab78bc]" name="setup" is-config="true" duration-ms="14983" started-at="2020-09-26T05:57:08Z" finished-at="2020-09-26T05:57:23Z">
          <reporter-output>
          </reporter-output>
        </test-method> <!-- setup -->
        <test-method status="PASS" signature="checkingInfo()[pri:3, instance:com.hubspot.test.HomePageTest@8ab78bc]" name="checkingInfo" duration-ms="4995" started-at="2020-09-26T05:57:23Z" finished-at="2020-09-26T05:57:28Z">
          <reporter-output>
          </reporter-output>
        </test-method> <!-- checkingInfo -->
        <test-method status="PASS" signature="tearDown()[pri:0, instance:com.hubspot.test.HomePageTest@8ab78bc]" name="tearDown" is-config="true" duration-ms="834" started-at="2020-09-26T05:57:28Z" finished-at="2020-09-26T05:57:29Z">
          <reporter-output>
          </reporter-output>
        </test-method> <!-- tearDown -->
      </class> <!-- com.hubspot.test.HomePageTest -->
      <class name="com.hubspot.test.LogInPageTest">
        <test-method status="PASS" signature="setup()[pri:0, instance:com.hubspot.test.LogInPageTest@2d72f75e]" name="setup" is-config="true" duration-ms="13121" started-at="2020-09-26T05:55:35Z" finished-at="2020-09-26T05:55:48Z">
          <reporter-output>
          </reporter-output>
        </test-method> <!-- setup -->
        <test-method status="PASS" signature="verifyTitleTest()[pri:1, instance:com.hubspot.test.LogInPageTest@2d72f75e]" name="verifyTitleTest" duration-ms="107" started-at="2020-09-26T05:55:48Z" finished-at="2020-09-26T05:55:49Z">
          <reporter-output>
          </reporter-output>
        </test-method> <!-- verifyTitleTest -->
        <test-method status="PASS" signature="tearDown()[pri:0, instance:com.hubspot.test.LogInPageTest@2d72f75e]" name="tearDown" is-config="true" duration-ms="1059" started-at="2020-09-26T05:55:49Z" finished-at="2020-09-26T05:55:50Z">
          <reporter-output>
          </reporter-output>
        </test-method> <!-- tearDown -->
        <test-method status="PASS" signature="setup()[pri:0, instance:com.hubspot.test.LogInPageTest@2d72f75e]" name="setup" is-config="true" duration-ms="9788" started-at="2020-09-26T05:56:08Z" finished-at="2020-09-26T05:56:18Z">
          <reporter-output>
          </reporter-output>
        </test-method> <!-- setup -->
        <test-method status="PASS" signature="verifyLogInPageTest()[pri:2, instance:com.hubspot.test.LogInPageTest@2d72f75e]" name="verifyLogInPageTest" duration-ms="4890" started-at="2020-09-26T05:56:18Z" finished-at="2020-09-26T05:56:23Z">
          <reporter-output>
          </reporter-output>
        </test-method> <!-- verifyLogInPageTest -->
        <test-method status="PASS" signature="tearDown()[pri:0, instance:com.hubspot.test.LogInPageTest@2d72f75e]" name="tearDown" is-config="true" duration-ms="1007" started-at="2020-09-26T05:56:23Z" finished-at="2020-09-26T05:56:24Z">
          <reporter-output>
          </reporter-output>
        </test-method> <!-- tearDown -->
        <test-method status="PASS" signature="setup()[pri:0, instance:com.hubspot.test.LogInPageTest@2d72f75e]" name="setup" is-config="true" duration-ms="9763" started-at="2020-09-26T05:56:43Z" finished-at="2020-09-26T05:56:53Z">
          <reporter-output>
          </reporter-output>
        </test-method> <!-- setup -->
        <test-method status="PASS" signature="badLogin(java.lang.String, java.lang.String)[pri:3, instance:com.hubspot.test.LogInPageTest@2d72f75e]" name="badLogin" duration-ms="1657" started-at="2020-09-26T05:56:53Z" data-provider="getLoginInvalidData" finished-at="2020-09-26T05:56:55Z">
          <params>
            <param index="0">
              <value>
                <![CDATA[suresh]]>
              </value>
            </param>
            <param index="1">
              <value>
                <![CDATA[suresh123]]>
              </value>
            </param>
          </params>
          <reporter-output>
          </reporter-output>
        </test-method> <!-- badLogin -->
        <test-method status="PASS" signature="tearDown()[pri:0, instance:com.hubspot.test.LogInPageTest@2d72f75e]" name="tearDown" is-config="true" duration-ms="828" started-at="2020-09-26T05:56:55Z" finished-at="2020-09-26T05:56:56Z">
          <reporter-output>
          </reporter-output>
        </test-method> <!-- tearDown -->
        <test-method status="PASS" signature="setup()[pri:0, instance:com.hubspot.test.LogInPageTest@2d72f75e]" name="setup" is-config="true" duration-ms="9789" started-at="2020-09-26T05:56:56Z" finished-at="2020-09-26T05:57:05Z">
          <reporter-output>
          </reporter-output>
        </test-method> <!-- setup -->
        <test-method status="PASS" signature="badLogin(java.lang.String, java.lang.String)[pri:3, instance:com.hubspot.test.LogInPageTest@2d72f75e]" name="badLogin" duration-ms="1696" started-at="2020-09-26T05:57:05Z" data-provider="getLoginInvalidData" finished-at="2020-09-26T05:57:07Z">
          <params>
            <param index="0">
              <value>
                <![CDATA[surewihdi]]>
              </value>
            </param>
            <param index="1">
              <value>
                <![CDATA[ajdajdasd]]>
              </value>
            </param>
          </params>
          <reporter-output>
          </reporter-output>
        </test-method> <!-- badLogin -->
        <test-method status="PASS" signature="tearDown()[pri:0, instance:com.hubspot.test.LogInPageTest@2d72f75e]" name="tearDown" is-config="true" duration-ms="1295" started-at="2020-09-26T05:57:07Z" finished-at="2020-09-26T05:57:08Z">
          <reporter-output>
          </reporter-output>
        </test-method> <!-- tearDown -->
        <test-method status="PASS" signature="setup()[pri:0, instance:com.hubspot.test.LogInPageTest@2d72f75e]" name="setup" is-config="true" duration-ms="9930" started-at="2020-09-26T05:57:29Z" finished-at="2020-09-26T05:57:39Z">
          <reporter-output>
          </reporter-output>
        </test-method> <!-- setup -->
        <test-method status="PASS" signature="verifyForgetPwd()[pri:4, instance:com.hubspot.test.LogInPageTest@2d72f75e]" name="verifyForgetPwd" duration-ms="85" started-at="2020-09-26T05:57:39Z" finished-at="2020-09-26T05:57:39Z">
          <reporter-output>
          </reporter-output>
        </test-method> <!-- verifyForgetPwd -->
        <test-method status="PASS" signature="tearDown()[pri:0, instance:com.hubspot.test.LogInPageTest@2d72f75e]" name="tearDown" is-config="true" duration-ms="951" started-at="2020-09-26T05:57:39Z" finished-at="2020-09-26T05:57:40Z">
          <reporter-output>
          </reporter-output>
        </test-method> <!-- tearDown -->
      </class> <!-- com.hubspot.test.LogInPageTest -->
    </test> <!-- hubspot test regression test suite  -->
  </suite> <!-- hubspot regression all test suite -->
</testng-results>
