<?xml version="1.0" encoding="UTF-8"?>
<!-- Generated by org.testng.reporters.JUnitXMLReporter -->
<testsuite hostname="DESKTOP-541KTCM" ignored="0" name="hubspot test regression test suite " tests="10" failures="0" timestamp="2020-09-20T13:38:07 IST" time="248.673" errors="0">
  <testcase name="getFilling" time="0.832" classname="com.hubspot.test.ContactsPageTest"/>
  <testcase name="checkingAdmin" time="0.052" classname="com.hubspot.test.HomePageTest"/>
  <testcase name="verifyTitleTest" time="5.031" classname="com.hubspot.test.LogInPageTest"/>
  <testcase name="checkingWelcome" time="30.117" classname="com.hubspot.test.HomePageTest"/>
  <testcase name="verifyLogInPageTest" time="7.075" classname="com.hubspot.test.LogInPageTest"/>
  <testcase name="badLogin" time="59.621" classname="com.hubspot.test.LogInPageTest"/>
  <testcase name="badLogin" time="2.519" classname="com.hubspot.test.LogInPageTest"/>
  <testcase name="checkingInfo" time="0.089" classname="com.hubspot.test.HomePageTest"/>
  <testcase name="pagenavigation" time="4.063" classname="com.hubspot.test.HomePageTest"/>
  <testcase name="verifyForgetPwd" time="0.045" classname="com.hubspot.test.LogInPageTest"/>
</testsuite> <!-- hubspot test regression test suite  -->
