<?xml version="1.0" encoding="UTF-8"?>
<!-- Generated by org.testng.reporters.JUnitXMLReporter -->
<testsuite hostname="DESKTOP-541KTCM" ignored="0" name="hubspot test regression test suite " tests="9" failures="0" timestamp="2020-09-25T16:58:33 IST" time="208.186" errors="0">
  <testcase name="getFilling" time="0.59" classname="com.hubspot.test.ContactsPageTest"/>
  <testcase name="checkingAdmin" time="1.998" classname="com.hubspot.test.HomePageTest"/>
  <testcase name="verifyTitleTest" time="0.016" classname="com.hubspot.test.LogInPageTest"/>
  <testcase name="checkingWelcome" time="3.866" classname="com.hubspot.test.HomePageTest"/>
  <testcase name="verifyLogInPageTest" time="5.367" classname="com.hubspot.test.LogInPageTest"/>
  <testcase name="badLogin" time="1.19" classname="com.hubspot.test.LogInPageTest"/>
  <testcase name="badLogin" time="1.577" classname="com.hubspot.test.LogInPageTest"/>
  <testcase name="checkingInfo" time="11.245" classname="com.hubspot.test.HomePageTest"/>
  <testcase name="verifyForgetPwd" time="0.057" classname="com.hubspot.test.LogInPageTest"/>
</testsuite> <!-- hubspot test regression test suite  -->
