<?xml version="1.0" encoding="UTF-8"?>
<testng-results skipped="0" failed="0" ignored="3" total="8" passed="5">
  <reporter-output>
  </reporter-output>
  <suite name="hubspot regression all test suite" duration-ms="142229" started-at="2020-09-25T14:57:57 IST" finished-at="2020-09-25T15:00:19 IST">
    <groups>
      <group name="smoke">
        <method signature="HomePageTest.checkingAdmin()[pri:1, instance:com.hubspot.test.HomePageTest@42f93a98]" name="checkingAdmin" class="com.hubspot.test.HomePageTest"/>
        <method signature="HomePageTest.checkingInfo()[pri:3, instance:com.hubspot.test.HomePageTest@42f93a98]" name="checkingInfo" class="com.hubspot.test.HomePageTest"/>
        <method signature="HomePageTest.checkingWelcome()[pri:2, instance:com.hubspot.test.HomePageTest@42f93a98]" name="checkingWelcome" class="com.hubspot.test.HomePageTest"/>
        <method signature="LogInPageTest.verifyForgetPwd()[pri:4, instance:com.hubspot.test.LogInPageTest@631330c]" name="verifyForgetPwd" class="com.hubspot.test.LogInPageTest"/>
        <method signature="LogInPageTest.verifyTitleTest()[pri:1, instance:com.hubspot.test.LogInPageTest@631330c]" name="verifyTitleTest" class="com.hubspot.test.LogInPageTest"/>
      </group> <!-- smoke -->
    </groups>
    <test name="hubspot test regression test suite " duration-ms="142229" started-at="2020-09-25T14:57:57 IST" finished-at="2020-09-25T15:00:19 IST">
      <class name="com.hubspot.test.HomePageTest">
        <test-method status="PASS" signature="setup()[pri:0, instance:com.hubspot.test.HomePageTest@42f93a98]" name="setup" is-config="true" duration-ms="36197" started-at="2020-09-25T14:57:57 IST" finished-at="2020-09-25T14:58:33 IST">
          <reporter-output>
          </reporter-output>
        </test-method> <!-- setup -->
        <test-method status="PASS" signature="checkingAdmin()[pri:1, instance:com.hubspot.test.HomePageTest@42f93a98]" name="checkingAdmin" duration-ms="3152" started-at="2020-09-25T14:58:33 IST" finished-at="2020-09-25T14:58:36 IST">
          <reporter-output>
          </reporter-output>
        </test-method> <!-- checkingAdmin -->
        <test-method status="PASS" signature="setup()[pri:0, instance:com.hubspot.test.HomePageTest@42f93a98]" name="setup" is-config="true" duration-ms="30463" started-at="2020-09-25T14:58:54 IST" finished-at="2020-09-25T14:59:25 IST">
          <reporter-output>
          </reporter-output>
        </test-method> <!-- setup -->
        <test-method status="PASS" signature="checkingWelcome()[pri:2, instance:com.hubspot.test.HomePageTest@42f93a98]" name="checkingWelcome" duration-ms="12135" started-at="2020-09-25T14:59:25 IST" finished-at="2020-09-25T14:59:37 IST">
          <reporter-output>
          </reporter-output>
        </test-method> <!-- checkingWelcome -->
        <test-method status="PASS" signature="setup()[pri:0, instance:com.hubspot.test.HomePageTest@42f93a98]" name="setup" is-config="true" duration-ms="28861" started-at="2020-09-25T14:59:37 IST" finished-at="2020-09-25T15:00:06 IST">
          <reporter-output>
          </reporter-output>
        </test-method> <!-- setup -->
        <test-method status="PASS" signature="checkingInfo()[pri:3, instance:com.hubspot.test.HomePageTest@42f93a98]" name="checkingInfo" duration-ms="231" started-at="2020-09-25T15:00:06 IST" finished-at="2020-09-25T15:00:06 IST">
          <reporter-output>
          </reporter-output>
        </test-method> <!-- checkingInfo -->
      </class> <!-- com.hubspot.test.HomePageTest -->
      <class name="com.hubspot.test.LogInPageTest">
        <test-method status="PASS" signature="setup()[pri:0, instance:com.hubspot.test.LogInPageTest@631330c]" name="setup" is-config="true" duration-ms="17780" started-at="2020-09-25T14:58:36 IST" finished-at="2020-09-25T14:58:54 IST">
          <reporter-output>
          </reporter-output>
        </test-method> <!-- setup -->
        <test-method status="PASS" signature="verifyTitleTest()[pri:1, instance:com.hubspot.test.LogInPageTest@631330c]" name="verifyTitleTest" duration-ms="48" started-at="2020-09-25T14:58:54 IST" finished-at="2020-09-25T14:58:54 IST">
          <reporter-output>
          </reporter-output>
        </test-method> <!-- verifyTitleTest -->
        <test-method status="PASS" signature="setup()[pri:0, instance:com.hubspot.test.LogInPageTest@631330c]" name="setup" is-config="true" duration-ms="13183" started-at="2020-09-25T15:00:06 IST" finished-at="2020-09-25T15:00:19 IST">
          <reporter-output>
          </reporter-output>
        </test-method> <!-- setup -->
        <test-method status="PASS" signature="verifyForgetPwd()[pri:4, instance:com.hubspot.test.LogInPageTest@631330c]" name="verifyForgetPwd" duration-ms="114" started-at="2020-09-25T15:00:19 IST" finished-at="2020-09-25T15:00:19 IST">
          <reporter-output>
          </reporter-output>
        </test-method> <!-- verifyForgetPwd -->
      </class> <!-- com.hubspot.test.LogInPageTest -->
    </test> <!-- hubspot test regression test suite  -->
  </suite> <!-- hubspot regression all test suite -->
</testng-results>
